2020-07-09 00:02:25.576  WARN 1127 --- [HikariPool-1 housekeeper] com.zaxxer.hikari.pool.HikariPool        : HikariPool-1 - Thread starvation or clock leap detected (housekeeper delta=22m15s27ms).
2020-07-09 00:05:54.114  WARN 1127 --- [HikariPool-1 housekeeper] com.zaxxer.hikari.pool.HikariPool        : HikariPool-1 - Thread starvation or clock leap detected (housekeeper delta=2m58s466ms).
2020-07-09 00:16:10.523  WARN 1127 --- [HikariPool-1 housekeeper] com.zaxxer.hikari.pool.HikariPool        : HikariPool-1 - Thread starvation or clock leap detected (housekeeper delta=1m16s344ms).
2020-07-09 00:39:48.636  WARN 1127 --- [HikariPool-1 housekeeper] com.zaxxer.hikari.pool.HikariPool        : HikariPool-1 - Thread starvation or clock leap detected (housekeeper delta=1m7s288ms).
2020-07-09 00:56:58.073  INFO 1127 --- [RMI TCP Connection(2)-127.0.0.1] inMXBeanRegistrar$SpringApplicationAdmin : Application shutdown requested.
2020-07-09 00:56:58.105  INFO 1127 --- [RMI TCP Connection(2)-127.0.0.1] j.LocalContainerEntityManagerFactoryBean : Closing JPA EntityManagerFactory for persistence unit 'default'
2020-07-09 00:56:58.140  INFO 1127 --- [RMI TCP Connection(2)-127.0.0.1] o.s.s.concurrent.ThreadPoolTaskExecutor  : Shutting down ExecutorService 'applicationTaskExecutor'
2020-07-09 00:56:58.140  INFO 1127 --- [RMI TCP Connection(2)-127.0.0.1] com.zaxxer.hikari.HikariDataSource       : HikariPool-1 - Shutdown initiated...
2020-07-09 00:56:58.149  INFO 1127 --- [RMI TCP Connection(2)-127.0.0.1] com.zaxxer.hikari.HikariDataSource       : HikariPool-1 - Shutdown completed.
2020-07-09 00:57:01.584  INFO 88452 --- [main] c.r.f.Flightreservation2Application      : Starting Flightreservation2Application on rishabhs-MBP with PID 88452 (/Users/rishabhtripathii/Documents/workspace-spring-tool-suite-4-4.7.0.RELEASE/flightreservation2/target/classes started by rishabhtripathii in /Users/rishabhtripathii/Documents/workspace-spring-tool-suite-4-4.7.0.RELEASE/flightreservation2)
2020-07-09 00:57:01.586  INFO 88452 --- [main] c.r.f.Flightreservation2Application      : No active profile set, falling back to default profiles: default
2020-07-09 00:57:02.276  INFO 88452 --- [main] .s.d.r.c.RepositoryConfigurationDelegate : Bootstrapping Spring Data JPA repositories in DEFERRED mode.
2020-07-09 00:57:02.359  INFO 88452 --- [main] .s.d.r.c.RepositoryConfigurationDelegate : Finished Spring Data repository scanning in 70ms. Found 5 JPA repository interfaces.
2020-07-09 00:57:02.631  INFO 88452 --- [main] trationDelegate$BeanPostProcessorChecker : Bean 'org.springframework.ws.config.annotation.DelegatingWsConfiguration' of type [org.springframework.ws.config.annotation.DelegatingWsConfiguration$$EnhancerBySpringCGLIB$$1758a3a6] is not eligible for getting processed by all BeanPostProcessors (for example: not eligible for auto-proxying)
2020-07-09 00:57:02.706  INFO 88452 --- [main] .w.s.a.s.AnnotationActionEndpointMapping : Supporting [WS-Addressing August 2004, WS-Addressing 1.0]
2020-07-09 00:57:02.944  INFO 88452 --- [main] o.s.b.w.embedded.tomcat.TomcatWebServer  : Tomcat initialized with port(s): 8080 (http)
2020-07-09 00:57:02.952  INFO 88452 --- [main] o.apache.catalina.core.StandardService   : Starting service [Tomcat]
2020-07-09 00:57:02.952  INFO 88452 --- [main] org.apache.catalina.core.StandardEngine  : Starting Servlet engine: [Apache Tomcat/9.0.36]
2020-07-09 00:57:03.189  INFO 88452 --- [main] org.apache.jasper.servlet.TldScanner     : At least one JAR was scanned for TLDs yet contained no TLDs. Enable debug logging for this logger for a complete list of JARs that were scanned but no TLDs were found in them. Skipping unneeded JARs during scanning can improve startup time and JSP compilation time.
2020-07-09 00:57:03.197  INFO 88452 --- [main] o.a.c.c.C.[.[.[/flightreservation]       : Initializing Spring embedded WebApplicationContext
2020-07-09 00:57:03.197  INFO 88452 --- [main] w.s.c.ServletWebServerApplicationContext : Root WebApplicationContext: initialization completed in 1577 ms
2020-07-09 00:57:03.347  INFO 88452 --- [main] o.s.s.concurrent.ThreadPoolTaskExecutor  : Initializing ExecutorService 'applicationTaskExecutor'
2020-07-09 00:57:03.355  INFO 88452 --- [main] com.zaxxer.hikari.HikariDataSource       : HikariPool-1 - Starting...
2020-07-09 00:57:05.229  INFO 88453 --- [main] c.r.f.Flightreservation2Application      : Starting Flightreservation2Application on rishabhs-MBP with PID 88453 (/Users/rishabhtripathii/Documents/workspace-spring-tool-suite-4-4.7.0.RELEASE/flightreservation2/target/classes started by rishabhtripathii in /Users/rishabhtripathii/Documents/workspace-spring-tool-suite-4-4.7.0.RELEASE/flightreservation2)
2020-07-09 00:57:05.231  INFO 88453 --- [main] c.r.f.Flightreservation2Application      : No active profile set, falling back to default profiles: default
2020-07-09 00:57:05.699  INFO 88453 --- [main] .s.d.r.c.RepositoryConfigurationDelegate : Bootstrapping Spring Data JPA repositories in DEFERRED mode.
2020-07-09 00:57:05.749  INFO 88453 --- [main] .s.d.r.c.RepositoryConfigurationDelegate : Finished Spring Data repository scanning in 44ms. Found 5 JPA repository interfaces.
2020-07-09 00:57:05.929  INFO 88453 --- [main] trationDelegate$BeanPostProcessorChecker : Bean 'org.springframework.ws.config.annotation.DelegatingWsConfiguration' of type [org.springframework.ws.config.annotation.DelegatingWsConfiguration$$EnhancerBySpringCGLIB$$debf3e58] is not eligible for getting processed by all BeanPostProcessors (for example: not eligible for auto-proxying)
2020-07-09 00:57:05.973  INFO 88453 --- [main] .w.s.a.s.AnnotationActionEndpointMapping : Supporting [WS-Addressing August 2004, WS-Addressing 1.0]
2020-07-09 00:57:06.135  INFO 88453 --- [main] o.s.b.w.embedded.tomcat.TomcatWebServer  : Tomcat initialized with port(s): 8080 (http)
2020-07-09 00:57:06.141  INFO 88453 --- [main] o.apache.catalina.core.StandardService   : Starting service [Tomcat]
2020-07-09 00:57:06.142  INFO 88453 --- [main] org.apache.catalina.core.StandardEngine  : Starting Servlet engine: [Apache Tomcat/9.0.36]
2020-07-09 00:57:06.339  INFO 88453 --- [main] org.apache.jasper.servlet.TldScanner     : At least one JAR was scanned for TLDs yet contained no TLDs. Enable debug logging for this logger for a complete list of JARs that were scanned but no TLDs were found in them. Skipping unneeded JARs during scanning can improve startup time and JSP compilation time.
2020-07-09 00:57:06.345  INFO 88453 --- [main] o.a.c.c.C.[.[.[/flightreservation]       : Initializing Spring embedded WebApplicationContext
2020-07-09 00:57:06.345  INFO 88453 --- [main] w.s.c.ServletWebServerApplicationContext : Root WebApplicationContext: initialization completed in 1085 ms
2020-07-09 00:57:06.450  INFO 88453 --- [main] o.s.s.concurrent.ThreadPoolTaskExecutor  : Initializing ExecutorService 'applicationTaskExecutor'
2020-07-09 00:57:06.455  INFO 88453 --- [main] com.zaxxer.hikari.HikariDataSource       : HikariPool-1 - Starting...
2020-07-09 00:57:06.688  INFO 88453 --- [main] com.zaxxer.hikari.HikariDataSource       : HikariPool-1 - Start completed.
2020-07-09 00:57:06.736  INFO 88453 --- [task-1] o.hibernate.jpa.internal.util.LogHelper  : HHH000204: Processing PersistenceUnitInfo [name: default]
2020-07-09 00:57:06.785  INFO 88453 --- [task-1] org.hibernate.Version                    : HHH000412: Hibernate ORM core version 5.4.17.Final
2020-07-09 00:57:06.802  WARN 88453 --- [main] JpaBaseConfiguration$JpaWebConfiguration : spring.jpa.open-in-view is enabled by default. Therefore, database queries may be performed during view rendering. Explicitly configure spring.jpa.open-in-view to disable this warning
2020-07-09 00:57:06.917  INFO 88453 --- [task-1] o.hibernate.annotations.common.Version   : HCANN000001: Hibernate Commons Annotations {5.1.0.Final}
2020-07-09 00:57:06.972  INFO 88453 --- [main] o.s.s.web.DefaultSecurityFilterChain     : Creating filter chain: any request, [org.springframework.security.web.context.request.async.WebAsyncManagerIntegrationFilter@79df80a4, org.springframework.security.web.context.SecurityContextPersistenceFilter@6380e9e9, org.springframework.security.web.header.HeaderWriterFilter@3b0d3a63, org.springframework.security.web.authentication.logout.LogoutFilter@6cbb7a7d, org.springframework.security.web.savedrequest.RequestCacheAwareFilter@6a09484c, org.springframework.security.web.servletapi.SecurityContextHolderAwareRequestFilter@5657967b, org.springframework.security.web.authentication.AnonymousAuthenticationFilter@130cfc47, org.springframework.security.web.session.SessionManagementFilter@367d34c0, org.springframework.security.web.access.ExceptionTranslationFilter@6c951ada, org.springframework.security.web.access.intercept.FilterSecurityInterceptor@6075b369]
2020-07-09 00:57:07.010  INFO 88453 --- [task-1] org.hibernate.dialect.Dialect            : HHH000400: Using dialect: org.hibernate.dialect.MySQL8Dialect
2020-07-09 00:57:07.129  INFO 88453 --- [main] o.s.b.a.w.s.WelcomePageHandlerMapping    : Adding welcome page: ServletContext resource [/index.html]
2020-07-09 00:57:07.274  INFO 88453 --- [main] o.s.b.w.embedded.tomcat.TomcatWebServer  : Tomcat started on port(s): 8080 (http) with context path '/flightreservation'
2020-07-09 00:57:07.276  INFO 88453 --- [main] DeferredRepositoryInitializationListener : Triggering deferred initialization of Spring Data repositories…
2020-07-09 00:57:07.554  INFO 88453 --- [task-1] o.h.e.t.j.p.i.JtaPlatformInitiator       : HHH000490: Using JtaPlatform implementation: [org.hibernate.engine.transaction.jta.platform.internal.NoJtaPlatform]
2020-07-09 00:57:07.563  INFO 88453 --- [task-1] j.LocalContainerEntityManagerFactoryBean : Initialized JPA EntityManagerFactory for persistence unit 'default'
2020-07-09 00:57:07.930  INFO 88453 --- [main] DeferredRepositoryInitializationListener : Spring Data repositories initialized!
2020-07-09 00:57:07.937  INFO 88453 --- [main] c.r.f.Flightreservation2Application      : Started Flightreservation2Application in 2.933 seconds (JVM running for 3.306)
2020-07-09 00:57:36.887  INFO 88453 --- [RMI TCP Connection(2)-127.0.0.1] inMXBeanRegistrar$SpringApplicationAdmin : Application shutdown requested.
2020-07-09 00:57:36.916  INFO 88453 --- [RMI TCP Connection(2)-127.0.0.1] j.LocalContainerEntityManagerFactoryBean : Closing JPA EntityManagerFactory for persistence unit 'default'
2020-07-09 00:57:36.917  INFO 88453 --- [RMI TCP Connection(2)-127.0.0.1] o.s.s.concurrent.ThreadPoolTaskExecutor  : Shutting down ExecutorService 'applicationTaskExecutor'
2020-07-09 00:57:36.918  INFO 88453 --- [RMI TCP Connection(2)-127.0.0.1] com.zaxxer.hikari.HikariDataSource       : HikariPool-1 - Shutdown initiated...
2020-07-09 00:57:36.926  INFO 88453 --- [RMI TCP Connection(2)-127.0.0.1] com.zaxxer.hikari.HikariDataSource       : HikariPool-1 - Shutdown completed.
